[debug] [2021-06-26T15:20:21.851Z] ----------------------------------------------------------------------
[debug] [2021-06-26T15:20:21.853Z] Command:       /usr/local/Cellar/node/15.8.0/bin/node /usr/local/bin/firebase deploy
[debug] [2021-06-26T15:20:21.853Z] CLI Version:   8.14.0
[debug] [2021-06-26T15:20:21.853Z] Platform:      darwin
[debug] [2021-06-26T15:20:21.853Z] Node Version:  v15.8.0
[debug] [2021-06-26T15:20:21.855Z] Time:          Sat Jun 26 2021 17:20:21 GMT+0200 (Central European Summer Time)
[debug] [2021-06-26T15:20:21.855Z] ----------------------------------------------------------------------
[debug] [2021-06-26T15:20:21.855Z] 
[debug] [2021-06-26T15:20:21.860Z] > command requires scopes: ["email","openid","https://www.googleapis.com/auth/cloudplatformprojects.readonly","https://www.googleapis.com/auth/firebase","https://www.googleapis.com/auth/cloud-platform"]
[debug] [2021-06-26T15:20:21.861Z] > authorizing via signed-in user
[debug] [2021-06-26T15:20:21.861Z] [iam] checking project prounprethesis for permissions ["firebase.projects.get","firebasehosting.sites.update"]
[debug] [2021-06-26T15:20:21.864Z] >>> HTTP REQUEST POST https://cloudresourcemanager.googleapis.com/v1/projects/prounprethesis:testIamPermissions  
 {"permissions":["firebase.projects.get","firebasehosting.sites.update"]}
[debug] [2021-06-26T15:20:22.594Z] <<< HTTP RESPONSE 200 {"content-type":"application/json; charset=UTF-8","vary":"X-Origin, Referer, Origin,Accept-Encoding","date":"Sat, 26 Jun 2021 15:20:22 GMT","server":"ESF","cache-control":"private","x-xss-protection":"0","x-frame-options":"SAMEORIGIN","x-content-type-options":"nosniff","server-timing":"gfet4t7; dur=642","alt-svc":"h3=\":443\"; ma=2592000,h3-29=\":443\"; ma=2592000,h3-T051=\":443\"; ma=2592000,h3-Q050=\":443\"; ma=2592000,h3-Q046=\":443\"; ma=2592000,h3-Q043=\":443\"; ma=2592000,quic=\":443\"; ma=2592000; v=\"46,43\"","accept-ranges":"none","transfer-encoding":"chunked"}
[debug] [2021-06-26T15:20:22.598Z] >>> HTTP REQUEST GET https://firebase.googleapis.com/v1beta1/projects/prounprethesis  
 
[debug] [2021-06-26T15:20:22.788Z] <<< HTTP RESPONSE 200 {"content-type":"application/json; charset=UTF-8","vary":"X-Origin, Referer, Origin,Accept-Encoding","date":"Sat, 26 Jun 2021 15:20:22 GMT","server":"ESF","cache-control":"private","x-xss-protection":"0","x-frame-options":"SAMEORIGIN","x-content-type-options":"nosniff","alt-svc":"h3=\":443\"; ma=2592000,h3-29=\":443\"; ma=2592000,h3-T051=\":443\"; ma=2592000,h3-Q050=\":443\"; ma=2592000,h3-Q046=\":443\"; ma=2592000,h3-Q043=\":443\"; ma=2592000,quic=\":443\"; ma=2592000; v=\"46,43\"","accept-ranges":"none","transfer-encoding":"chunked"}
[info] 
[info] === Deploying to 'prounprethesis'...
[info] 
[info] i  deploying hosting 
[debug] [2021-06-26T15:20:22.795Z] >>> HTTP REQUEST POST https://firebasehosting.googleapis.com/v1beta1/sites/prounprethesis/versions  
 {"config":{},"labels":{"deployment-tool":"cli-firebase"}}
